<?xml version="1.0" encoding="UTF-8"?>
<!-- Generated by org.testng.reporters.JUnitReportReporter -->
<testsuite hostname="LV-IND-LPT-240" failures="0" tests="1" name="TC003_GET_Request" time="1.856" errors="0" timestamp="2020-07-02T20:57:27 IST" skipped="0">
  <testcase classname="TC003_GET_Request" name="headerValidatingTest" time="1.856"/>
  <system-out/>
</testsuite> <!-- TC003_GET_Request -->
