<?xml version="1.0" encoding="UTF-8"?>
<!-- Generated by org.testng.reporters.JUnitReportReporter -->
<testsuite hostname="LV-IND-LPT-240" failures="0" tests="1" name="TC007_GET_Request_Authorizatio" time="4.720" errors="0" timestamp="2020-07-05T12:16:17 IST" skipped="0">
  <testcase classname="TC007_GET_Request_Authorizatio" name="authorizationTest" time="4.720"/>
  <system-out/>
</testsuite> <!-- TC007_GET_Request_Authorizatio -->
