<?xml version="1.0" encoding="UTF-8"?>
<!-- Generated by org.testng.reporters.JUnitReportReporter -->
<testsuite hostname="LV-IND-LPT-240" failures="0" tests="1" name="TC006_GET_Capture_All_Response_Value" time="2.980" errors="0" timestamp="2020-07-14T20:47:46 IST" skipped="0">
  <testcase classname="TC006_GET_Capture_All_Response_Value" name="captureAllResponseValue" time="2.980"/>
  <system-out/>
</testsuite> <!-- TC006_GET_Capture_All_Response_Value -->
