<?xml version="1.0" encoding="UTF-8"?>
<!-- Generated by org.testng.reporters.JUnitReportReporter -->
<testsuite hostname="LV-IND-LPT-240" failures="0" tests="1" name="authorization.BasicPreemptiveAuthentication" time="3.670" errors="0" timestamp="2020-07-15T13:50:19 IST" skipped="0">
  <testcase classname="authorization.BasicPreemptiveAuthentication" name="basicPreemptiveAuthentication" time="3.670"/>
  <system-out/>
</testsuite> <!-- authorization.BasicPreemptiveAuthentication -->
