<?xml version="1.0" encoding="UTF-8"?>
<!-- Generated by org.testng.reporters.JUnitReportReporter -->
<testsuite hostname="LV-IND-LPT-240" failures="0" tests="2" name="authorization.OAuth2AceessTokenGeneration" time="4.790" errors="0" timestamp="2020-08-02T16:08:55 IST" skipped="0">
  <testcase classname="authorization.OAuth2AceessTokenGeneration" name="testValidDemo" time="0.917"/>
  <system-out/>
  <testcase classname="authorization.OAuth2AceessTokenGeneration" name="testInvalidDemo" time="3.873"/>
  <system-out/>
</testsuite> <!-- authorization.OAuth2AceessTokenGeneration -->
