<?xml version="1.0" encoding="UTF-8"?>
<!-- Generated by org.testng.reporters.JUnitReportReporter -->
<testsuite hostname="LV-IND-LPT-240" failures="0" tests="1" name="authorization.OAuth2Authorization" time="2.967" errors="0" timestamp="2020-07-15T20:06:28 IST" skipped="0">
  <testcase classname="authorization.OAuth2Authorization" name="oAuth2Authorization" time="2.967"/>
  <system-out/>
</testsuite> <!-- authorization.OAuth2Authorization -->
