<?xml version="1.0" encoding="UTF-8"?>
<!-- Generated by org.testng.reporters.JUnitReportReporter -->
<testsuite hostname="LV-IND-LPT-240" failures="0" tests="1" name="authorization.BasicPreemptiveAuthenticationExtendingBase" time="2.429" errors="0" timestamp="2020-07-15T13:59:22 IST" skipped="0">
  <testcase classname="authorization.BasicPreemptiveAuthenticationExtendingBase" name="basicPreemptiveAuthentication" time="2.429"/>
  <system-out/>
</testsuite> <!-- authorization.BasicPreemptiveAuthenticationExtendingBase -->
