<?xml version="1.0" encoding="UTF-8"?>
<!-- Generated by org.testng.reporters.JUnitReportReporter -->
<testsuite hostname="LV-IND-LPT-240" failures="0" tests="1" name="TC004_GET_Request_Printing_All_Headers" time="1.999" errors="0" timestamp="2020-07-04T17:05:02 IST" skipped="0">
  <testcase classname="TC004_GET_Request_Printing_All_Headers" name="printAllHeaders" time="1.999"/>
  <system-out/>
</testsuite> <!-- TC004_GET_Request_Printing_All_Headers -->
