<?xml version="1.0" encoding="UTF-8"?>
<!-- Generated by org.testng.reporters.JUnitReportReporter -->
<testsuite hostname="LV-IND-LPT-240" failures="0" tests="1" name="authorization.BasicPreemptiveAuthentication" time="4.295" errors="0" timestamp="2020-08-20T12:28:32 IST" skipped="0">
  <testcase classname="authorization.BasicPreemptiveAuthentication" name="basicPreemptiveAuthentication" time="4.295"/>
  <system-out/>
</testsuite> <!-- authorization.BasicPreemptiveAuthentication -->
