<?xml version="1.0" encoding="UTF-8"?>
<!-- Generated by org.testng.reporters.JUnitReportReporter -->
<testsuite hostname="LV-IND-LPT-240" failures="0" tests="1" name="TC005_GET_ValidatingJSONResponse" time="1.902" errors="0" timestamp="2020-07-14T20:55:16 IST" skipped="0">
  <testcase classname="TC005_GET_ValidatingJSONResponse" name="validatingJSONResponse" time="1.902"/>
  <system-out/>
</testsuite> <!-- TC005_GET_ValidatingJSONResponse -->
